#
# There is insufficient memory for the Java Runtime Environment to continue.
# Native memory allocation (malloc) failed to allocate 32744 bytes for ChunkPool::allocate
# Possible reasons:
#   The system is out of physical RAM or swap space
#   The process is running with CompressedOops enabled, and the Java Heap may be blocking the growth of the native heap
# Possible solutions:
#   Reduce memory load on the system
#   Increase physical memory or swap space
#   Check if swap backing store is full
#   Decrease Java heap size (-Xmx/-Xms)
#   Decrease number of Java threads
#   Decrease Java thread stack sizes (-Xss)
#   Set larger code cache with -XX:ReservedCodeCacheSize=
#   JVM is running with Unscaled Compressed Oops mode in which the Java heap is
#     placed in the first 4GB address space. The Java Heap base address is the
#     maximum limit for the native heap growth. Please use -XX:HeapBaseMinAddress
#     to set the Java Heap base and to place the Java Heap above 4GB virtual address.
# This output file may be truncated or incomplete.
#
#  Out of Memory Error (arena.cpp:78), pid=776, tid=18332
#
# JRE version: Java(TM) SE Runtime Environment (17.0.12+8) (build 17.0.12+8-LTS-286)
# Java VM: Java HotSpot(TM) 64-Bit Server VM (17.0.12+8-LTS-286, mixed mode, emulated-client, sharing, tiered, compressed oops, compressed class ptrs, g1 gc, windows-amd64)
# No core dump will be written. Minidumps are not enabled by default on client versions of Windows
#

---------------  S U M M A R Y ------------

Command Line: -Dfile.encoding=UTF-8 -XX:TieredStopAtLevel=1 -Dspring.output.ansi.enabled=always -Dcom.sun.management.jmxremote -Dspring.jmx.enabled=true -Dspring.liveBeansView.mbeanDomain -Dspring.application.admin.enabled=true -Dmanagement.endpoints.jmx.exposure.include=* -javaagent:E:\IntelliJ IDEA 2025.2\lib\idea_rt.jar=24545 -Dfile.encoding=UTF-8 com.cloud.order.OrderMainApplication

Host: Intel(R) Core(TM) i5-1035G1 CPU @ 1.00GHz, 8 cores, 7G,  Windows 10 , 64 bit Build 19041 (10.0.19041.5915)
Time: Wed Sep  3 01:21:35 2025  Windows 10 , 64 bit Build 19041 (10.0.19041.5915) elapsed time: 1.340053 seconds (0d 0h 0m 1s)

---------------  T H R E A D  ---------------

Current thread (0x000002149c9789b0):  JavaThread "C1 CompilerThread1" daemon [_thread_in_native, id=18332, stack(0x0000006d4b900000,0x0000006d4ba00000)]


Current CompileTask:
C1:   1340 1000       1       java.net.URLStreamHandler::parseURL (1201 bytes)

Stack: [0x0000006d4b900000,0x0000006d4ba00000]
Native frames: (J=compiled Java code, j=interpreted, Vv=VM code, C=native code)
V  [jvm.dll+0x67a04a]
V  [jvm.dll+0x7da4ed]
V  [jvm.dll+0x7dbe33]
V  [jvm.dll+0x7dc4a3]
V  [jvm.dll+0x24508f]
V  [jvm.dll+0xab9a4]
V  [jvm.dll+0xabd3c]
V  [jvm.dll+0x11cd95]
V  [jvm.dll+0x1790dd]
V  [jvm.dll+0x179ca3]
V  [jvm.dll+0x135633]
V  [jvm.dll+0x134eff]
V  [jvm.dll+0x135148]
V  [jvm.dll+0x1345d1]
V  [jvm.dll+0x1362bd]
V  [jvm.dll+0x22610b]
V  [jvm.dll+0x2242ab]
V  [jvm.dll+0x79075c]
V  [jvm.dll+0x78abea]
V  [jvm.dll+0x678f35]
C  [ucrtbase.dll+0x21bb2]
C  [KERNEL32.DLL+0x17374]
C  [ntdll.dll+0x4cc91]


---------------  P R O C E S S  ---------------

Threads class SMR info:
_java_thread_list=0x00000214e22cb750, length=16, elements={
0x000002148a9a27b0, 0x000002149c801e40, 0x000002149c802c10, 0x000002149c81a890,
0x000002149c81d660, 0x000002149c826040, 0x000002149c82a490, 0x000002149c8323e0,
0x000002149c829f80, 0x000002149c82aeb0, 0x000002149c9789b0, 0x000002149c82a9a0,
0x000002149c829a70, 0x00000214e232aa60, 0x00000214e22cd180, 0x000002149c82d220
}

Java Threads: ( => current thread )
  0x000002148a9a27b0 JavaThread "main" [_thread_in_vm, id=9508, stack(0x0000006d4a900000,0x0000006d4aa00000)]
  0x000002149c801e40 JavaThread "Reference Handler" daemon [_thread_blocked, id=18968, stack(0x0000006d4b000000,0x0000006d4b100000)]
  0x000002149c802c10 JavaThread "Finalizer" daemon [_thread_blocked, id=4000, stack(0x0000006d4b100000,0x0000006d4b200000)]
  0x000002149c81a890 JavaThread "Signal Dispatcher" daemon [_thread_blocked, id=6896, stack(0x0000006d4b200000,0x0000006d4b300000)]
  0x000002149c81d660 JavaThread "Attach Listener" daemon [_thread_blocked, id=5744, stack(0x0000006d4b300000,0x0000006d4b400000)]
  0x000002149c826040 JavaThread "Service Thread" daemon [_thread_blocked, id=2732, stack(0x0000006d4b400000,0x0000006d4b500000)]
  0x000002149c82a490 JavaThread "Monitor Deflation Thread" daemon [_thread_blocked, id=16944, stack(0x0000006d4b500000,0x0000006d4b600000)]
  0x000002149c8323e0 JavaThread "C1 CompilerThread0" daemon [_thread_blocked, id=16948, stack(0x0000006d4b600000,0x0000006d4b700000)]
  0x000002149c829f80 JavaThread "Sweeper thread" daemon [_thread_blocked, id=8620, stack(0x0000006d4b700000,0x0000006d4b800000)]
  0x000002149c82aeb0 JavaThread "Common-Cleaner" daemon [_thread_blocked, id=16604, stack(0x0000006d4b800000,0x0000006d4b900000)]
=>0x000002149c9789b0 JavaThread "C1 CompilerThread1" daemon [_thread_in_native, id=18332, stack(0x0000006d4b900000,0x0000006d4ba00000)]
  0x000002149c82a9a0 JavaThread "Monitor Ctrl-Break" daemon [_thread_in_native, id=22460, stack(0x0000006d4ba00000,0x0000006d4bb00000)]
  0x000002149c829a70 JavaThread "Notification Thread" daemon [_thread_blocked, id=17632, stack(0x0000006d4bb00000,0x0000006d4bc00000)]
  0x00000214e232aa60 JavaThread "C1 CompilerThread2" daemon [_thread_blocked, id=8756, stack(0x0000006d4bc00000,0x0000006d4bd00000)]
  0x00000214e22cd180 JavaThread "C1 CompilerThread3" daemon [_thread_blocked, id=14588, stack(0x0000006d4bd00000,0x0000006d4be00000)]
  0x000002149c82d220 JavaThread "RMI TCP Accept-0" daemon [_thread_in_native, id=3448, stack(0x0000006d4be00000,0x0000006d4bf00000)]

Other Threads:
  0x000002149c7fa090 VMThread "VM Thread" [stack: 0x0000006d4af00000,0x0000006d4b000000] [id=10452]
  0x000002148aa15890 WatcherThread [stack: 0x0000006d4bf00000,0x0000006d4c000000] [id=8940]
  0x000002148a9fc4a0 GCTaskThread "GC Thread#0" [stack: 0x0000006d4aa00000,0x0000006d4ab00000] [id=7620]
  0x000002148aa0cac0 ConcurrentGCThread "G1 Main Marker" [stack: 0x0000006d4ab00000,0x0000006d4ac00000] [id=23608]
  0x000002148aa0d3d0 ConcurrentGCThread "G1 Conc#0" [stack: 0x0000006d4ac00000,0x0000006d4ad00000] [id=7576]
  0x000002148aa5eac0 ConcurrentGCThread "G1 Refine#0" [stack: 0x0000006d4ad00000,0x0000006d4ae00000] [id=5496]
  0x000002149c6b7e60 ConcurrentGCThread "G1 Service" [stack: 0x0000006d4ae00000,0x0000006d4af00000] [id=23184]

Threads with active compile tasks:
C1 CompilerThread1     1422 1000       1       java.net.URLStreamHandler::parseURL (1201 bytes)

VM state: not at safepoint (normal execution)

VM Mutex/Monitor currently owned by a thread: None

Heap address: 0x0000000083a00000, size: 1990 MB, Compressed Oops mode: 32-bit

CDS archive(s) mapped at: [0x000002149d000000-0x000002149dbd0000-0x000002149dbd0000), size 12386304, SharedBaseAddress: 0x000002149d000000, ArchiveRelocationMode: 1.
Compressed class space mapped at: 0x000002149e000000-0x00000214de000000, reserved size: 1073741824
Narrow klass base: 0x000002149d000000, Narrow klass shift: 0, Narrow klass range: 0x100000000

GC Precious Log:
 CPUs: 8 total, 8 available
 Memory: 7959M
 Large Page Support: Disabled
 NUMA Support: Disabled
 Compressed Oops: Enabled (32-bit)
 Heap Region Size: 1M
 Heap Min Capacity: 8M
 Heap Initial Capacity: 126M
 Heap Max Capacity: 1990M
 Pre-touch: Disabled
 Parallel Workers: 8
 Concurrent Workers: 2
 Concurrent Refinement Workers: 8
 Periodic GC: Disabled

Heap:
 garbage-first heap   total 129024K, used 17408K [0x0000000083a00000, 0x0000000100000000)
  region size 1024K, 16 young (16384K), 0 survivors (0K)
 Metaspace       used 5361K, committed 5504K, reserved 1114112K
  class space    used 670K, committed 768K, reserved 1048576K

Heap Regions: E=young(eden), S=young(survivor), O=old, HS=humongous(starts), HC=humongous(continues), CS=collection set, F=free, OA=open archive, CA=closed archive, TAMS=top-at-mark-start (previous, next)
|   0|0x0000000083a00000, 0x0000000083b00000, 0x0000000083b00000|100%|HS|  |TAMS 0x0000000083a00000, 0x0000000083a00000| Complete 
|   1|0x0000000083b00000, 0x0000000083c00000, 0x0000000083c00000|100%|HS|  |TAMS 0x0000000083b00000, 0x0000000083b00000| Complete 
|   2|0x0000000083c00000, 0x0000000083d00000, 0x0000000083d00000|100%|HS|  |TAMS 0x0000000083c00000, 0x0000000083c00000| Complete 
|   3|0x0000000083d00000, 0x0000000083d00000, 0x0000000083e00000|  0%| F|  |TAMS 0x0000000083d00000, 0x0000000083d00000| Untracked 
|   4|0x0000000083e00000, 0x0000000083e00000, 0x0000000083f00000|  0%| F|  |TAMS 0x0000000083e00000, 0x0000000083e00000| Untracked 
|   5|0x0000000083f00000, 0x0000000083f00000, 0x0000000084000000|  0%| F|  |TAMS 0x0000000083f00000, 0x0000000083f00000| Untracked 
|   6|0x0000000084000000, 0x0000000084000000, 0x0000000084100000|  0%| F|  |TAMS 0x0000000084000000, 0x0000000084000000| Untracked 
|   7|0x0000000084100000, 0x0000000084100000, 0x0000000084200000|  0%| F|  |TAMS 0x0000000084100000, 0x0000000084100000| Untracked 
|   8|0x0000000084200000, 0x0000000084200000, 0x0000000084300000|  0%| F|  |TAMS 0x0000000084200000, 0x0000000084200000| Untracked 
|   9|0x0000000084300000, 0x0000000084300000, 0x0000000084400000|  0%| F|  |TAMS 0x0000000084300000, 0x0000000084300000| Untracked 
|  10|0x0000000084400000, 0x0000000084400000, 0x0000000084500000|  0%| F|  |TAMS 0x0000000084400000, 0x0000000084400000| Untracked 
|  11|0x0000000084500000, 0x0000000084500000, 0x0000000084600000|  0%| F|  |TAMS 0x0000000084500000, 0x0000000084500000| Untracked 
|  12|0x0000000084600000, 0x0000000084600000, 0x0000000084700000|  0%| F|  |TAMS 0x0000000084600000, 0x0000000084600000| Untracked 
|  13|0x0000000084700000, 0x0000000084700000, 0x0000000084800000|  0%| F|  |TAMS 0x0000000084700000, 0x0000000084700000| Untracked 
|  14|0x0000000084800000, 0x0000000084800000, 0x0000000084900000|  0%| F|  |TAMS 0x0000000084800000, 0x0000000084800000| Untracked 
|  15|0x0000000084900000, 0x0000000084900000, 0x0000000084a00000|  0%| F|  |TAMS 0x0000000084900000, 0x0000000084900000| Untracked 
|  16|0x0000000084a00000, 0x0000000084a00000, 0x0000000084b00000|  0%| F|  |TAMS 0x0000000084a00000, 0x0000000084a00000| Untracked 
|  17|0x0000000084b00000, 0x0000000084b00000, 0x0000000084c00000|  0%| F|  |TAMS 0x0000000084b00000, 0x0000000084b00000| Untracked 
|  18|0x0000000084c00000, 0x0000000084c00000, 0x0000000084d00000|  0%| F|  |TAMS 0x0000000084c00000, 0x0000000084c00000| Untracked 
|  19|0x0000000084d00000, 0x0000000084d00000, 0x0000000084e00000|  0%| F|  |TAMS 0x0000000084d00000, 0x0000000084d00000| Untracked 
|  20|0x0000000084e00000, 0x0000000084e00000, 0x0000000084f00000|  0%| F|  |TAMS 0x0000000084e00000, 0x0000000084e00000| Untracked 
|  21|0x0000000084f00000, 0x0000000084f00000, 0x0000000085000000|  0%| F|  |TAMS 0x0000000084f00000, 0x0000000084f00000| Untracked 
|  22|0x0000000085000000, 0x0000000085000000, 0x0000000085100000|  0%| F|  |TAMS 0x0000000085000000, 0x0000000085000000| Untracked 
|  23|0x0000000085100000, 0x0000000085100000, 0x0000000085200000|  0%| F|  |TAMS 0x0000000085100000, 0x0000000085100000| Untracked 
|  24|0x0000000085200000, 0x0000000085200000, 0x0000000085300000|  0%| F|  |TAMS 0x0000000085200000, 0x0000000085200000| Untracked 
|  25|0x0000000085300000, 0x0000000085300000, 0x0000000085400000|  0%| F|  |TAMS 0x0000000085300000, 0x0000000085300000| Untracked 
|  26|0x0000000085400000, 0x0000000085400000, 0x0000000085500000|  0%| F|  |TAMS 0x0000000085400000, 0x0000000085400000| Untracked 
|  27|0x0000000085500000, 0x0000000085500000, 0x0000000085600000|  0%| F|  |TAMS 0x0000000085500000, 0x0000000085500000| Untracked 
|  28|0x0000000085600000, 0x0000000085600000, 0x0000000085700000|  0%| F|  |TAMS 0x0000000085600000, 0x0000000085600000| Untracked 
|  29|0x0000000085700000, 0x0000000085700000, 0x0000000085800000|  0%| F|  |TAMS 0x0000000085700000, 0x0000000085700000| Untracked 
|  30|0x0000000085800000, 0x0000000085800000, 0x0000000085900000|  0%| F|  |TAMS 0x0000000085800000, 0x0000000085800000| Untracked 
|  31|0x0000000085900000, 0x0000000085900000, 0x0000000085a00000|  0%| F|  |TAMS 0x0000000085900000, 0x0000000085900000| Untracked 
|  32|0x0000000085a00000, 0x0000000085a00000, 0x0000000085b00000|  0%| F|  |TAMS 0x0000000085a00000, 0x0000000085a00000| Untracked 
|  33|0x0000000085b00000, 0x0000000085b00000, 0x0000000085c00000|  0%| F|  |TAMS 0x0000000085b00000, 0x0000000085b00000| Untracked 
|  34|0x0000000085c00000, 0x0000000085c00000, 0x0000000085d00000|  0%| F|  |TAMS 0x0000000085c00000, 0x0000000085c00000| Untracked 
|  35|0x0000000085d00000, 0x0000000085d00000, 0x0000000085e00000|  0%| F|  |TAMS 0x0000000085d00000, 0x0000000085d00000| Untracked 
|  36|0x0000000085e00000, 0x0000000085e00000, 0x0000000085f00000|  0%| F|  |TAMS 0x0000000085e00000, 0x0000000085e00000| Untracked 
|  37|0x0000000085f00000, 0x0000000085f00000, 0x0000000086000000|  0%| F|  |TAMS 0x0000000085f00000, 0x0000000085f00000| Untracked 
|  38|0x0000000086000000, 0x0000000086000000, 0x0000000086100000|  0%| F|  |TAMS 0x0000000086000000, 0x0000000086000000| Untracked 
|  39|0x0000000086100000, 0x0000000086100000, 0x0000000086200000|  0%| F|  |TAMS 0x0000000086100000, 0x0000000086100000| Untracked 
|  40|0x0000000086200000, 0x0000000086200000, 0x0000000086300000|  0%| F|  |TAMS 0x0000000086200000, 0x0000000086200000| Untracked 
|  41|0x0000000086300000, 0x0000000086300000, 0x0000000086400000|  0%| F|  |TAMS 0x0000000086300000, 0x0000000086300000| Untracked 
|  42|0x0000000086400000, 0x0000000086400000, 0x0000000086500000|  0%| F|  |TAMS 0x0000000086400000, 0x0000000086400000| Untracked 
|  43|0x0000000086500000, 0x0000000086500000, 0x0000000086600000|  0%| F|  |TAMS 0x0000000086500000, 0x0000000086500000| Untracked 
|  44|0x0000000086600000, 0x0000000086600000, 0x0000000086700000|  0%| F|  |TAMS 0x0000000086600000, 0x0000000086600000| Untracked 
|  45|0x0000000086700000, 0x0000000086700000, 0x0000000086800000|  0%| F|  |TAMS 0x0000000086700000, 0x0000000086700000| Untracked 
|  46|0x0000000086800000, 0x0000000086800000, 0x0000000086900000|  0%| F|  |TAMS 0x0000000086800000, 0x0000000086800000| Untracked 
|  47|0x0000000086900000, 0x0000000086900000, 0x0000000086a00000|  0%| F|  |TAMS 0x0000000086900000, 0x0000000086900000| Untracked 
|  48|0x0000000086a00000, 0x0000000086a00000, 0x0000000086b00000|  0%| F|  |TAMS 0x0000000086a00000, 0x0000000086a00000| Untracked 
|  49|0x0000000086b00000, 0x0000000086b00000, 0x0000000086c00000|  0%| F|  |TAMS 0x0000000086b00000, 0x0000000086b00000| Untracked 
|  50|0x0000000086c00000, 0x0000000086c00000, 0x0000000086d00000|  0%| F|  |TAMS 0x0000000086c00000, 0x0000000086c00000| Untracked 
|  51|0x0000000086d00000, 0x0000000086d00000, 0x0000000086e00000|  0%| F|  |TAMS 0x0000000086d00000, 0x0000000086d00000| Untracked 
|  52|0x0000000086e00000, 0x0000000086e00000, 0x0000000086f00000|  0%| F|  |TAMS 0x0000000086e00000, 0x0000000086e00000| Untracked 
|  53|0x0000000086f00000, 0x0000000086f00000, 0x0000000087000000|  0%| F|  |TAMS 0x0000000086f00000, 0x0000000086f00000| Untracked 
|  54|0x0000000087000000, 0x0000000087000000, 0x0000000087100000|  0%| F|  |TAMS 0x0000000087000000, 0x0000000087000000| Untracked 
|  55|0x0000000087100000, 0x0000000087100000, 0x0000000087200000|  0%| F|  |TAMS 0x0000000087100000, 0x0000000087100000| Untracked 
|  56|0x0000000087200000, 0x0000000087200000, 0x0000000087300000|  0%| F|  |TAMS 0x0000000087200000, 0x0000000087200000| Untracked 
|  57|0x0000000087300000, 0x0000000087300000, 0x0000000087400000|  0%| F|  |TAMS 0x0000000087300000, 0x0000000087300000| Untracked 
|  58|0x0000000087400000, 0x0000000087400000, 0x0000000087500000|  0%| F|  |TAMS 0x0000000087400000, 0x0000000087400000| Untracked 
|  59|0x0000000087500000, 0x0000000087500000, 0x0000000087600000|  0%| F|  |TAMS 0x0000000087500000, 0x0000000087500000| Untracked 
|  60|0x0000000087600000, 0x0000000087600000, 0x0000000087700000|  0%| F|  |TAMS 0x0000000087600000, 0x0000000087600000| Untracked 
|  61|0x0000000087700000, 0x0000000087700000, 0x0000000087800000|  0%| F|  |TAMS 0x0000000087700000, 0x0000000087700000| Untracked 
|  62|0x0000000087800000, 0x0000000087800000, 0x0000000087900000|  0%| F|  |TAMS 0x0000000087800000, 0x0000000087800000| Untracked 
|  63|0x0000000087900000, 0x0000000087900000, 0x0000000087a00000|  0%| F|  |TAMS 0x0000000087900000, 0x0000000087900000| Untracked 
|  64|0x0000000087a00000, 0x0000000087a00000, 0x0000000087b00000|  0%| F|  |TAMS 0x0000000087a00000, 0x0000000087a00000| Untracked 
|  65|0x0000000087b00000, 0x0000000087b00000, 0x0000000087c00000|  0%| F|  |TAMS 0x0000000087b00000, 0x0000000087b00000| Untracked 
|  66|0x0000000087c00000, 0x0000000087c00000, 0x0000000087d00000|  0%| F|  |TAMS 0x0000000087c00000, 0x0000000087c00000| Untracked 
|  67|0x0000000087d00000, 0x0000000087d00000, 0x0000000087e00000|  0%| F|  |TAMS 0x0000000087d00000, 0x0000000087d00000| Untracked 
|  68|0x0000000087e00000, 0x0000000087e00000, 0x0000000087f00000|  0%| F|  |TAMS 0x0000000087e00000, 0x0000000087e00000| Untracked 
|  69|0x0000000087f00000, 0x0000000087f00000, 0x0000000088000000|  0%| F|  |TAMS 0x0000000087f00000, 0x0000000087f00000| Untracked 
|  70|0x0000000088000000, 0x0000000088000000, 0x0000000088100000|  0%| F|  |TAMS 0x0000000088000000, 0x0000000088000000| Untracked 
|  71|0x0000000088100000, 0x0000000088100000, 0x0000000088200000|  0%| F|  |TAMS 0x0000000088100000, 0x0000000088100000| Untracked 
|  72|0x0000000088200000, 0x0000000088200000, 0x0000000088300000|  0%| F|  |TAMS 0x0000000088200000, 0x0000000088200000| Untracked 
|  73|0x0000000088300000, 0x0000000088300000, 0x0000000088400000|  0%| F|  |TAMS 0x0000000088300000, 0x0000000088300000| Untracked 
|  74|0x0000000088400000, 0x0000000088400000, 0x0000000088500000|  0%| F|  |TAMS 0x0000000088400000, 0x0000000088400000| Untracked 
|  75|0x0000000088500000, 0x0000000088500000, 0x0000000088600000|  0%| F|  |TAMS 0x0000000088500000, 0x0000000088500000| Untracked 
|  76|0x0000000088600000, 0x0000000088600000, 0x0000000088700000|  0%| F|  |TAMS 0x0000000088600000, 0x0000000088600000| Untracked 
|  77|0x0000000088700000, 0x0000000088700000, 0x0000000088800000|  0%| F|  |TAMS 0x0000000088700000, 0x0000000088700000| Untracked 
|  78|0x0000000088800000, 0x0000000088800000, 0x0000000088900000|  0%| F|  |TAMS 0x0000000088800000, 0x0000000088800000| Untracked 
|  79|0x0000000088900000, 0x0000000088900000, 0x0000000088a00000|  0%| F|  |TAMS 0x0000000088900000, 0x0000000088900000| Untracked 
|  80|0x0000000088a00000, 0x0000000088a00000, 0x0000000088b00000|  0%| F|  |TAMS 0x0000000088a00000, 0x0000000088a00000| Untracked 
|  81|0x0000000088b00000, 0x0000000088b00000, 0x0000000088c00000|  0%| F|  |TAMS 0x0000000088b00000, 0x0000000088b00000| Untracked 
|  82|0x0000000088c00000, 0x0000000088c00000, 0x0000000088d00000|  0%| F|  |TAMS 0x0000000088c00000, 0x0000000088c00000| Untracked 
|  83|0x0000000088d00000, 0x0000000088d00000, 0x0000000088e00000|  0%| F|  |TAMS 0x0000000088d00000, 0x0000000088d00000| Untracked 
|  84|0x0000000088e00000, 0x0000000088e00000, 0x0000000088f00000|  0%| F|  |TAMS 0x0000000088e00000, 0x0000000088e00000| Untracked 
|  85|0x0000000088f00000, 0x0000000088f00000, 0x0000000089000000|  0%| F|  |TAMS 0x0000000088f00000, 0x0000000088f00000| Untracked 
|  86|0x0000000089000000, 0x0000000089000000, 0x0000000089100000|  0%| F|  |TAMS 0x0000000089000000, 0x0000000089000000| Untracked 
|  87|0x0000000089100000, 0x0000000089100000, 0x0000000089200000|  0%| F|  |TAMS 0x0000000089100000, 0x0000000089100000| Untracked 
|  88|0x0000000089200000, 0x0000000089200000, 0x0000000089300000|  0%| F|  |TAMS 0x0000000089200000, 0x0000000089200000| Untracked 
|  89|0x0000000089300000, 0x0000000089300000, 0x0000000089400000|  0%| F|  |TAMS 0x0000000089300000, 0x0000000089300000| Untracked 
|  90|0x0000000089400000, 0x0000000089400000, 0x0000000089500000|  0%| F|  |TAMS 0x0000000089400000, 0x0000000089400000| Untracked 
|  91|0x0000000089500000, 0x0000000089500000, 0x0000000089600000|  0%| F|  |TAMS 0x0000000089500000, 0x0000000089500000| Untracked 
|  92|0x0000000089600000, 0x0000000089600000, 0x0000000089700000|  0%| F|  |TAMS 0x0000000089600000, 0x0000000089600000| Untracked 
|  93|0x0000000089700000, 0x0000000089700000, 0x0000000089800000|  0%| F|  |TAMS 0x0000000089700000, 0x0000000089700000| Untracked 
|  94|0x0000000089800000, 0x0000000089800000, 0x0000000089900000|  0%| F|  |TAMS 0x0000000089800000, 0x0000000089800000| Untracked 
|  95|0x0000000089900000, 0x0000000089900000, 0x0000000089a00000|  0%| F|  |TAMS 0x0000000089900000, 0x0000000089900000| Untracked 
|  96|0x0000000089a00000, 0x0000000089a00000, 0x0000000089b00000|  0%| F|  |TAMS 0x0000000089a00000, 0x0000000089a00000| Untracked 
|  97|0x0000000089b00000, 0x0000000089b00000, 0x0000000089c00000|  0%| F|  |TAMS 0x0000000089b00000, 0x0000000089b00000| Untracked 
|  98|0x0000000089c00000, 0x0000000089c00000, 0x0000000089d00000|  0%| F|  |TAMS 0x0000000089c00000, 0x0000000089c00000| Untracked 
|  99|0x0000000089d00000, 0x0000000089d00000, 0x0000000089e00000|  0%| F|  |TAMS 0x0000000089d00000, 0x0000000089d00000| Untracked 
| 100|0x0000000089e00000, 0x0000000089e00000, 0x0000000089f00000|  0%| F|  |TAMS 0x0000000089e00000, 0x0000000089e00000| Untracked 
| 101|0x0000000089f00000, 0x0000000089f00000, 0x000000008a000000|  0%| F|  |TAMS 0x0000000089f00000, 0x0000000089f00000| Untracked 
| 102|0x000000008a000000, 0x000000008a000000, 0x000000008a100000|  0%| F|  |TAMS 0x000000008a000000, 0x000000008a000000| Untracked 
| 103|0x000000008a100000, 0x000000008a100000, 0x000000008a200000|  0%| F|  |TAMS 0x000000008a100000, 0x000000008a100000| Untracked 
| 104|0x000000008a200000, 0x000000008a200000, 0x000000008a300000|  0%| F|  |TAMS 0x000000008a200000, 0x000000008a200000| Untracked 
| 105|0x000000008a300000, 0x000000008a300000, 0x000000008a400000|  0%| F|  |TAMS 0x000000008a300000, 0x000000008a300000| Untracked 
| 106|0x000000008a400000, 0x000000008a400000, 0x000000008a500000|  0%| F|  |TAMS 0x000000008a400000, 0x000000008a400000| Untracked 
| 107|0x000000008a500000, 0x000000008a500000, 0x000000008a600000|  0%| F|  |TAMS 0x000000008a500000, 0x000000008a500000| Untracked 
| 108|0x000000008a600000, 0x000000008a600000, 0x000000008a700000|  0%| F|  |TAMS 0x000000008a600000, 0x000000008a600000| Untracked 
| 109|0x000000008a700000, 0x000000008a700000, 0x000000008a800000|  0%| F|  |TAMS 0x000000008a700000, 0x000000008a700000| Untracked 
| 110|0x000000008a800000, 0x000000008a900000, 0x000000008a900000|100%| E|  |TAMS 0x000000008a800000, 0x000000008a800000| Complete 
| 111|0x000000008a900000, 0x000000008aa00000, 0x000000008aa00000|100%| E|CS|TAMS 0x000000008a900000, 0x000000008a900000| Complete 
| 112|0x000000008aa00000, 0x000000008ab00000, 0x000000008ab00000|100%| E|CS|TAMS 0x000000008aa00000, 0x000000008aa00000| Complete 
| 113|0x000000008ab00000, 0x000000008ac00000, 0x000000008ac00000|100%| E|CS|TAMS 0x000000008ab00000, 0x000000008ab00000| Complete 
| 114|0x000000008ac00000, 0x000000008ad00000, 0x000000008ad00000|100%| E|CS|TAMS 0x000000008ac00000, 0x000000008ac00000| Complete 
| 115|0x000000008ad00000, 0x000000008ae00000, 0x000000008ae00000|100%| E|CS|TAMS 0x000000008ad00000, 0x000000008ad00000| Complete 
| 116|0x000000008ae00000, 0x000000008af00000, 0x000000008af00000|100%| E|CS|TAMS 0x000000008ae00000, 0x000000008ae00000| Complete 
| 117|0x000000008af00000, 0x000000008b000000, 0x000000008b000000|100%| E|CS|TAMS 0x000000008af00000, 0x000000008af00000| Complete 
| 118|0x000000008b000000, 0x000000008b100000, 0x000000008b100000|100%| E|CS|TAMS 0x000000008b000000, 0x000000008b000000| Complete 
| 119|0x000000008b100000, 0x000000008b200000, 0x000000008b200000|100%| E|  |TAMS 0x000000008b100000, 0x000000008b100000| Complete 
| 120|0x000000008b200000, 0x000000008b300000, 0x000000008b300000|100%| E|CS|TAMS 0x000000008b200000, 0x000000008b200000| Complete 
| 121|0x000000008b300000, 0x000000008b400000, 0x000000008b400000|100%| E|CS|TAMS 0x000000008b300000, 0x000000008b300000| Complete 
| 122|0x000000008b400000, 0x000000008b500000, 0x000000008b500000|100%| E|CS|TAMS 0x000000008b400000, 0x000000008b400000| Complete 
| 123|0x000000008b500000, 0x000000008b600000, 0x000000008b600000|100%| E|CS|TAMS 0x000000008b500000, 0x000000008b500000| Complete 
| 124|0x000000008b600000, 0x000000008b700000, 0x000000008b700000|100%| E|CS|TAMS 0x000000008b600000, 0x000000008b600000| Complete 
| 125|0x000000008b700000, 0x000000008b800000, 0x000000008b800000|100%| E|CS|TAMS 0x000000008b700000, 0x000000008b700000| Complete 

Card table byte_map: [0x0000021495750000,0x0000021495b40000] _byte_map_base: 0x0000021495333000

Marking Bits (Prev, Next): (CMBitMap*) 0x000002148a9fc8d0, (CMBitMap*) 0x000002148a9fc910
 Prev Bits: [0x0000021495f30000, 0x0000021497e48000)
 Next Bits: [0x0000021497e50000, 0x0000021499d68000)

Polling page: 0x00000214889a0000

Metaspace:

Usage:
  Non-class:      4.59 MB used.
      Class:    673.08 KB used.
       Both:      5.25 MB used.

Virtual space:
  Non-class space:       64.00 MB reserved,       4.69 MB (  7%) committed,  1 nodes.
      Class space:        1.00 GB reserved,     768.00 KB ( <1%) committed,  1 nodes.
             Both:        1.06 GB reserved,       5.44 MB ( <1%) committed. 

Chunk freelists:
   Non-Class:  10.42 MB
       Class:  15.16 MB
        Both:  25.58 MB

MaxMetaspaceSize: unlimited
CompressedClassSpaceSize: 1.00 GB
Initial GC threshold: 21.00 MB
Current GC threshold: 21.00 MB
CDS: on
MetaspaceReclaimPolicy: balanced
 - commit_granule_bytes: 65536.
 - commit_granule_words: 8192.
 - virtual_space_node_default_size: 8388608.
 - enlarge_chunks_in_place: 1.
 - new_chunks_are_fully_committed: 0.
 - uncommit_free_chunks: 1.
 - use_allocation_guard: 0.
 - handle_deallocations: 1.


Internal statistics:

num_allocs_failed_limit: 0.
num_arena_births: 104.
num_arena_deaths: 0.
num_vsnodes_births: 2.
num_vsnodes_deaths: 0.
num_space_committed: 87.
num_space_uncommitted: 0.
num_chunks_returned_to_freelist: 0.
num_chunks_taken_from_freelist: 150.
num_chunk_merges: 0.
num_chunk_splits: 97.
num_chunks_enlarged: 58.
num_inconsistent_stats: 0.

CodeCache: size=49152Kb used=4288Kb max_used=4288Kb free=44863Kb
 bounds [0x0000021492250000, 0x0000021492690000, 0x0000021495250000]
 total_blobs=1510 nmethods=1056 adapters=379
 compilation: enabled
              stopped_count=0, restarted_count=0
 full_count=0

Compilation events (20 events):
Event: 1.255 Thread 0x00000214e22cd180 nmethod 998 0x0000021492667b10 code [0x0000021492667d40, 0x0000021492668458]
Event: 1.255 Thread 0x00000214e22cd180  999       1       jdk.internal.jimage.ImageLocation::verifyName (161 bytes)
Event: 1.255 Thread 0x000002149c9789b0 1000       1       java.net.URLStreamHandler::parseURL (1201 bytes)
Event: 1.255 Thread 0x000002149c8323e0 nmethod 997 0x0000021492668890 code [0x0000021492668ac0, 0x0000021492669188]
Event: 1.255 Thread 0x000002149c8323e0 1004       1       java.lang.invoke.ConstantCallSite::getTarget (20 bytes)
Event: 1.255 Thread 0x000002149c8323e0 nmethod 1004 0x0000021492669710 code [0x00000214926698a0, 0x0000021492669a08]
Event: 1.255 Thread 0x000002149c8323e0 1002       1       java.lang.invoke.MethodHandleNatives::isPullModeBSM (2 bytes)
Event: 1.255 Thread 0x000002149c8323e0 nmethod 1002 0x0000021492669b10 code [0x0000021492669ca0, 0x0000021492669d58]
Event: 1.255 Thread 0x000002149c8323e0 1003       1       java.lang.invoke.MethodHandleImpl::isCompileConstant (2 bytes)
Event: 1.255 Thread 0x000002149c8323e0 nmethod 1003 0x0000021492669e10 code [0x0000021492669fa0, 0x000002149266a058]
Event: 1.256 Thread 0x00000214e232aa60 nmethod 1001 0x000002149266a110 code [0x000002149266a340, 0x000002149266a9d8]
Event: 1.256 Thread 0x000002149c8323e0 1005       1       java.lang.String::getChars (54 bytes)
Event: 1.257 Thread 0x00000214e232aa60 1006       1       java.lang.StringLatin1::getChars (12 bytes)
Event: 1.257 Thread 0x00000214e22cd180 nmethod 999 0x000002149266ae10 code [0x000002149266b060, 0x000002149266b818]
Event: 1.257 Thread 0x000002149c8323e0 nmethod 1005 0x000002149266bf10 code [0x000002149266c0e0, 0x000002149266c2f8]
Event: 1.257 Thread 0x00000214e232aa60 nmethod 1006 0x000002149266c490 code [0x000002149266c620, 0x000002149266c758]
Event: 1.263 Thread 0x00000214e232aa60 1007       1       java.util.ArrayDeque::poll (5 bytes)
Event: 1.263 Thread 0x00000214e232aa60 nmethod 1007 0x000002149266c890 code [0x000002149266ca20, 0x000002149266cb08]
Event: 1.273 Thread 0x000002149c8323e0 1008       1       sun.net.www.protocol.file.Handler::parseURL (18 bytes)
Event: 1.273 Thread 0x000002149c8323e0 nmethod 1008 0x000002149266cb90 code [0x000002149266cd40, 0x000002149266ce78]

GC Heap History (0 events):
No events

Deoptimization events (0 events):
No events

Classes unloaded (0 events):
No events

Classes redefined (0 events):
No events

Internal exceptions (14 events):
Event: 0.485 Thread 0x000002149c82a9a0 Exception <a 'java/lang/NoSuchMethodError'{0x000000008af7e198}: 'java.lang.Object java.lang.invoke.DirectMethodHandle$Holder.invokeStaticInit(java.lang.Object)'> (0x000000008af7e198) 
thrown [s\open\src\hotspot\share\interpreter\linkResolver.cpp, line 759]
Event: 0.499 Thread 0x000002149c82a9a0 Exception <a 'java/lang/NoSuchMethodError'{0x000000008af8bf98}: 'void java.lang.invoke.DirectMethodHandle$Holder.invokeStatic(java.lang.Object, java.lang.Object)'> (0x000000008af8bf98) 
thrown [s\open\src\hotspot\share\interpreter\linkResolver.cpp, line 759]
Event: 0.576 Thread 0x000002148a9a27b0 Exception <a 'java/lang/NoSuchMethodError'{0x000000008affa590}: 'int java.lang.invoke.DirectMethodHandle$Holder.invokeInterface(java.lang.Object, java.lang.Object)'> (0x000000008affa590) 
thrown [s\open\src\hotspot\share\interpreter\linkResolver.cpp, line 759]
Event: 0.577 Thread 0x000002148a9a27b0 Exception <a 'java/lang/IncompatibleClassChangeError'{0x000000008affdb90}: Found class java.lang.Object, but interface was expected> (0x000000008affdb90) 
thrown [s\open\src\hotspot\share\interpreter\linkResolver.cpp, line 826]
Event: 0.668 Thread 0x000002148a9a27b0 Exception <a 'java/lang/NoSuchMethodError'{0x000000008aec96e8}: 'int java.lang.invoke.DirectMethodHandle$Holder.invokeSpecial(java.lang.Object, java.lang.Object, java.lang.Object)'> (0x000000008aec96e8) 
thrown [s\open\src\hotspot\share\interpreter\linkResolver.cpp, line 759]
Event: 0.742 Thread 0x000002148a9a27b0 Exception <a 'java/lang/NoSuchMethodError'{0x000000008adc4348}: 'void java.lang.invoke.DirectMethodHandle$Holder.invokeStatic(java.lang.Object, java.lang.Object, java.lang.Object)'> (0x000000008adc4348) 
thrown [s\open\src\hotspot\share\interpreter\linkResolver.cpp, line 759]
Event: 0.761 Thread 0x000002148a9a27b0 Exception <a 'java/lang/NoSuchMethodError'{0x000000008ac00fe0}: 'int java.lang.invoke.DirectMethodHandle$Holder.invokeSpecialIFC(java.lang.Object, java.lang.Object, java.lang.Object)'> (0x000000008ac00fe0) 
thrown [s\open\src\hotspot\share\interpreter\linkResolver.cpp, line 759]
Event: 0.846 Thread 0x000002148a9a27b0 Exception <a 'java/lang/NoSuchMethodError'{0x000000008ac78288}: 'java.lang.Object java.lang.invoke.DirectMethodHandle$Holder.invokeStaticInit(java.lang.Object, int, int, int, int)'> (0x000000008ac78288) 
thrown [s\open\src\hotspot\share\interpreter\linkResolver.cpp, line 759]
Event: 0.977 Thread 0x000002148a9a27b0 Exception <a 'java/lang/NoSuchMethodError'{0x000000008ab15430}: 'java.lang.Object java.lang.invoke.DirectMethodHandle$Holder.invokeStaticInit(java.lang.Object, java.lang.Object, int, int, int, int)'> (0x000000008ab15430) 
thrown [s\open\src\hotspot\share\interpreter\linkResolver.cpp, line 759]
Event: 1.009 Thread 0x000002148a9a27b0 Exception <a 'java/lang/ClassNotFoundException'{0x000000008ab33cc0}: javax/management/remote/rmi/RMIServerImpl_Skel> (0x000000008ab33cc0) 
thrown [s\open\src\hotspot\share\classfile\systemDictionary.cpp, line 256]
Event: 1.128 Thread 0x000002148a9a27b0 Exception <a 'java/lang/ClassNotFoundException'{0x000000008a915a88}: javax/smartcardio/CardPermission> (0x000000008a915a88) 
thrown [s\open\src\hotspot\share\classfile\systemDictionary.cpp, line 256]
Event: 1.134 Thread 0x000002148a9a27b0 Exception <a 'java/io/FileNotFoundException'{0x000000008a923610}> (0x000000008a923610) 
thrown [s\open\src\hotspot\share\prims\jni.cpp, line 516]
Event: 1.206 Thread 0x000002148a9a27b0 Exception <a 'java/lang/NoSuchMethodError'{0x000000008a983ee0}: 'java.lang.Object java.lang.invoke.DirectMethodHandle$Holder.invokeSpecial(java.lang.Object, java.lang.Object, java.lang.Object, long, java.lang.Object)'> (0x000000008a983ee0) 
thrown [s\open\src\hotspot\share\interpreter\linkResolver.cpp, line 759]
Event: 1.206 Thread 0x000002148a9a27b0 Exception <a 'java/lang/NoSuchMethodError'{0x000000008a987ab0}: 'java.lang.Object java.lang.invoke.Invokers$Holder.linkToTargetMethod(java.lang.Object, long, java.lang.Object, java.lang.Object)'> (0x000000008a987ab0) 
thrown [s\open\src\hotspot\share\interpreter\linkResolver.cpp, line 759]

VM Operations (18 events):
Event: 0.280 Executing VM operation: HandshakeAllThreads
Event: 0.280 Executing VM operation: HandshakeAllThreads done
Event: 0.483 Executing VM operation: HandshakeAllThreads
Event: 0.483 Executing VM operation: HandshakeAllThreads done
Event: 0.587 Executing VM operation: HandshakeAllThreads
Event: 0.587 Executing VM operation: HandshakeAllThreads done
Event: 0.588 Executing VM operation: HandshakeAllThreads
Event: 0.588 Executing VM operation: HandshakeAllThreads done
Event: 0.788 Executing VM operation: HandshakeAllThreads
Event: 0.788 Executing VM operation: HandshakeAllThreads done
Event: 1.044 Executing VM operation: HandshakeAllThreads
Event: 1.045 Executing VM operation: HandshakeAllThreads done
Event: 1.062 Executing VM operation: HandshakeAllThreads
Event: 1.062 Executing VM operation: HandshakeAllThreads done
Event: 1.062 Executing VM operation: Cleanup
Event: 1.062 Executing VM operation: Cleanup done
Event: 1.068 Executing VM operation: HandshakeAllThreads
Event: 1.068 Executing VM operation: HandshakeAllThreads done

Events (20 events):
Event: 1.135 loading class sun/security/provider/PolicyFile$6
Event: 1.135 loading class sun/security/provider/PolicyFile$6 done
Event: 1.136 loading class sun/security/provider/PolicyFile$8
Event: 1.136 loading class sun/security/provider/PolicyFile$8 done
Event: 1.136 loading class sun/security/provider/PolicyFile$SelfPermission
Event: 1.137 loading class sun/security/provider/PolicyFile$SelfPermission done
Event: 1.137 loading class java/util/PropertyPermissionCollection
Event: 1.137 loading class java/util/PropertyPermissionCollection done
Event: 1.137 loading class java/util/PropertyPermissionCollection$1
Event: 1.137 loading class java/util/PropertyPermissionCollection$1 done
Event: 1.138 loading class java/io/FilePermissionCollection
Event: 1.138 loading class java/io/FilePermissionCollection done
Event: 1.138 loading class java/io/FilePermissionCollection$1
Event: 1.138 loading class java/io/FilePermissionCollection$1 done
Event: 1.138 loading class java/security/PermissionsEnumerator
Event: 1.138 loading class java/security/PermissionsEnumerator done
Event: 1.151 loading class java/security/AccessControlException
Event: 1.151 loading class java/security/AccessControlException done
Event: 1.209 loading class java/net/MalformedURLException
Event: 1.209 loading class java/net/MalformedURLException done


Dynamic libraries:
0x00007ff6e9fc0000 - 0x00007ff6e9fd0000 	E:\JDK17\bin\java.exe
0x00007ffe6c610000 - 0x00007ffe6c808000 	C:\Windows\SYSTEM32\ntdll.dll
0x00007ffe6c4e0000 - 0x00007ffe6c5a2000 	C:\Windows\System32\KERNEL32.DLL
0x00007ffe69e60000 - 0x00007ffe6a157000 	C:\Windows\System32\KERNELBASE.dll
0x00007ffe6a460000 - 0x00007ffe6a560000 	C:\Windows\System32\ucrtbase.dll
0x00007ffe54800000 - 0x00007ffe5481b000 	E:\JDK17\bin\VCRUNTIME140.dll
0x00007ffe55c30000 - 0x00007ffe55c49000 	E:\JDK17\bin\jli.dll
0x00007ffe6c380000 - 0x00007ffe6c431000 	C:\Windows\System32\ADVAPI32.dll
0x00007ffe6aa40000 - 0x00007ffe6aade000 	C:\Windows\System32\msvcrt.dll
0x00007ffe6b440000 - 0x00007ffe6b4df000 	C:\Windows\System32\sechost.dll
0x00007ffe6a8b0000 - 0x00007ffe6a9d6000 	C:\Windows\System32\RPCRT4.dll
0x00007ffe6a160000 - 0x00007ffe6a187000 	C:\Windows\System32\bcrypt.dll
0x00007ffe6a660000 - 0x00007ffe6a7fd000 	C:\Windows\System32\USER32.dll
0x00007ffe567b0000 - 0x00007ffe56a4a000 	C:\Windows\WinSxS\amd64_microsoft.windows.common-controls_6595b64144ccf1df_6.0.19041.5915_none_60b4b9d171f9c7c7\COMCTL32.dll
0x00007ffe6a240000 - 0x00007ffe6a262000 	C:\Windows\System32\win32u.dll
0x00007ffe6bc50000 - 0x00007ffe6bc7b000 	C:\Windows\System32\GDI32.dll
0x00007ffe69ca0000 - 0x00007ffe69db9000 	C:\Windows\System32\gdi32full.dll
0x00007ffe69dc0000 - 0x00007ffe69e5d000 	C:\Windows\System32\msvcp_win.dll
0x00007ffe60da0000 - 0x00007ffe60daa000 	C:\Windows\SYSTEM32\VERSION.dll
0x00007ffe6a630000 - 0x00007ffe6a65f000 	C:\Windows\System32\IMM32.DLL
0x00007ffe55b90000 - 0x00007ffe55b9c000 	E:\JDK17\bin\vcruntime140_1.dll
0x00007ffe38be0000 - 0x00007ffe38c6e000 	E:\JDK17\bin\msvcp140.dll
0x00007ffdf4c30000 - 0x00007ffdf5810000 	E:\JDK17\bin\server\jvm.dll
0x00007ffe6ab40000 - 0x00007ffe6ab48000 	C:\Windows\System32\PSAPI.DLL
0x00007ffe4ca60000 - 0x00007ffe4ca69000 	C:\Windows\SYSTEM32\WSOCK32.dll
0x00007ffe59800000 - 0x00007ffe59827000 	C:\Windows\SYSTEM32\WINMM.dll
0x00007ffe6b040000 - 0x00007ffe6b0ab000 	C:\Windows\System32\WS2_32.dll
0x00007ffe684c0000 - 0x00007ffe684d2000 	C:\Windows\SYSTEM32\kernel.appcore.dll
0x00007ffe54a30000 - 0x00007ffe54a3a000 	E:\JDK17\bin\jimage.dll
0x00007ffe679e0000 - 0x00007ffe67be1000 	C:\Windows\SYSTEM32\DBGHELP.DLL
0x00007ffe55ce0000 - 0x00007ffe55d14000 	C:\Windows\SYSTEM32\dbgcore.DLL
0x00007ffe6a3d0000 - 0x00007ffe6a452000 	C:\Windows\System32\bcryptPrimitives.dll
0x00007ffe649b0000 - 0x00007ffe649be000 	E:\JDK17\bin\instrument.dll
0x00007ffe54760000 - 0x00007ffe54785000 	E:\JDK17\bin\java.dll
0x00007ffe2b0f0000 - 0x00007ffe2b1c7000 	E:\JDK17\bin\jsvml.dll
0x00007ffe6b4e0000 - 0x00007ffe6bc4e000 	C:\Windows\System32\SHELL32.dll
0x00007ffe67bf0000 - 0x00007ffe68394000 	C:\Windows\SYSTEM32\windows.storage.dll
0x00007ffe6ab50000 - 0x00007ffe6aea3000 	C:\Windows\System32\combase.dll
0x00007ffe696d0000 - 0x00007ffe696fb000 	C:\Windows\SYSTEM32\Wldp.dll
0x00007ffe6b0b0000 - 0x00007ffe6b17d000 	C:\Windows\System32\OLEAUT32.dll
0x00007ffe6b1e0000 - 0x00007ffe6b28d000 	C:\Windows\System32\SHCORE.dll
0x00007ffe6aae0000 - 0x00007ffe6ab3b000 	C:\Windows\System32\shlwapi.dll
0x00007ffe69bd0000 - 0x00007ffe69bf4000 	C:\Windows\SYSTEM32\profapi.dll
0x00007ffe541d0000 - 0x00007ffe541e8000 	E:\JDK17\bin\zip.dll
0x00007ffe54720000 - 0x00007ffe54739000 	E:\JDK17\bin\net.dll
0x00007ffe61050000 - 0x00007ffe6115a000 	C:\Windows\SYSTEM32\WINHTTP.dll
0x00007ffe69430000 - 0x00007ffe6949a000 	C:\Windows\system32\mswsock.dll
0x00007ffe54280000 - 0x00007ffe54296000 	E:\JDK17\bin\nio.dll
0x00007ffe69100000 - 0x00007ffe691ca000 	C:\Windows\SYSTEM32\DNSAPI.dll
0x00007ffe690c0000 - 0x00007ffe690fb000 	C:\Windows\SYSTEM32\IPHLPAPI.DLL
0x00007ffe6b030000 - 0x00007ffe6b038000 	C:\Windows\System32\NSI.dll
0x0000000062e90000 - 0x0000000062eb6000 	C:\Program Files\Bonjour\mdnsNSP.dll
0x00007ffe61ef0000 - 0x00007ffe61efa000 	C:\Windows\System32\rasadhlp.dll
0x00007ffe5a370000 - 0x00007ffe5a3f0000 	C:\Windows\System32\fwpuclnt.dll
0x00007ffe55ba0000 - 0x00007ffe55baa000 	E:\JDK17\bin\management.dll
0x00007ffe547f0000 - 0x00007ffe547fb000 	E:\JDK17\bin\management_ext.dll
0x00007ffe69630000 - 0x00007ffe69648000 	C:\Windows\SYSTEM32\CRYPTSP.dll
0x00007ffe68ce0000 - 0x00007ffe68d18000 	C:\Windows\system32\rsaenh.dll
0x00007ffe69b50000 - 0x00007ffe69b7e000 	C:\Windows\SYSTEM32\USERENV.dll
0x00007ffe69620000 - 0x00007ffe6962c000 	C:\Windows\SYSTEM32\CRYPTBASE.dll
0x00007ffe62240000 - 0x00007ffe62257000 	C:\Windows\SYSTEM32\dhcpcsvc6.DLL
0x00007ffe62220000 - 0x00007ffe6223d000 	C:\Windows\SYSTEM32\dhcpcsvc.DLL
0x00007ffe47d60000 - 0x00007ffe47d77000 	C:\Windows\system32\napinsp.dll
0x00007ffe47d40000 - 0x00007ffe47d5b000 	C:\Windows\system32\pnrpnsp.dll
0x00007ffe66360000 - 0x00007ffe6637d000 	C:\Windows\system32\wshbth.dll
0x00007ffe64d30000 - 0x00007ffe64d4d000 	C:\Windows\system32\NLAapi.dll
0x00007ffe47ca0000 - 0x00007ffe47cb2000 	C:\Windows\System32\winrnr.dll

dbghelp: loaded successfully - version: 4.0.5 - missing functions: none
symbol engine: initialized successfully - sym options: 0x614 - pdb path: .;E:\JDK17\bin;C:\Windows\SYSTEM32;C:\Windows\WinSxS\amd64_microsoft.windows.common-controls_6595b64144ccf1df_6.0.19041.5915_none_60b4b9d171f9c7c7;E:\JDK17\bin\server;C:\Program Files\Bonjour

VM Arguments:
jvm_args: -Dfile.encoding=UTF-8 -XX:TieredStopAtLevel=1 -Dspring.output.ansi.enabled=always -Dcom.sun.management.jmxremote -Dspring.jmx.enabled=true -Dspring.liveBeansView.mbeanDomain -Dspring.application.admin.enabled=true -Dmanagement.endpoints.jmx.exposure.include=* -javaagent:E:\IntelliJ IDEA 2025.2\lib\idea_rt.jar=24545 -Dfile.encoding=UTF-8 
java_command: com.cloud.order.OrderMainApplication
java_class_path (initial): E:\SpringCloudFundamentals\Cloud-Fundamentals\services\service-order\target\classes;C:\Users\LyHn\.m2\repository\org\springframework\boot\spring-boot-starter\3.3.4\spring-boot-starter-3.3.4.jar;C:\Users\LyHn\.m2\repository\org\springframework\boot\spring-boot\3.3.4\spring-boot-3.3.4.jar;C:\Users\LyHn\.m2\repository\org\springframework\boot\spring-boot-autoconfigure\3.3.4\spring-boot-autoconfigure-3.3.4.jar;C:\Users\LyHn\.m2\repository\org\springframework\boot\spring-boot-starter-logging\3.3.4\spring-boot-starter-logging-3.3.4.jar;C:\Users\LyHn\.m2\repository\ch\qos\logback\logback-classic\1.5.8\logback-classic-1.5.8.jar;C:\Users\LyHn\.m2\repository\ch\qos\logback\logback-core\1.5.8\logback-core-1.5.8.jar;C:\Users\LyHn\.m2\repository\org\apache\logging\log4j\log4j-to-slf4j\2.23.1\log4j-to-slf4j-2.23.1.jar;C:\Users\LyHn\.m2\repository\org\apache\logging\log4j\log4j-api\2.23.1\log4j-api-2.23.1.jar;C:\Users\LyHn\.m2\repository\org\slf4j\jul-to-slf4j\2.0.16\jul-to-slf4j-2.0.16.jar;C:\Users\LyHn\.m2\repository\org\yaml\snakeyaml\2.2\snakeyaml-2.2.jar;C:\Users\LyHn\.m2\repository\org\springframework\spring-core\6.1.13\spring-core-6.1.13.jar;C:\Users\LyHn\.m2\repository\org\springframework\spring-jcl\6.1.13\spring-jcl-6.1.13.jar;C:\Users\LyHn\.m2\repository\org\springframework\boot\spring-boot-starter-web\3.3.4\spring-boot-starter-web-3.3.4.jar;C:\Users\LyHn\.m2\repository\org\springframework\boot\spring-boot-starter-json\3.3.4\spring-boot-starter-json-3.3.4.jar;C:\Users\LyHn\.m2\repository\com\fasterxml\jackson\core\jackson-databind\2.17.2\jackson-databind-2.17.2.jar;C:\Users\LyHn\.m2\repository\com\fasterxml\jackson\core\jackson-annotations\2.17.2\jackson-annotations-2.17.2.jar;C:\Users\LyHn\.m2\repository\com\fasterxml\jackson\datatype\jackson-datatype-jdk8\2.17.2\jackson-datatype-jdk8-2.17.2.jar;C:\Users\LyHn\.m2\repository\com\fasterxml\jackson\datatype\jackson-datatype-jsr310\2.17.2\jackson-datatype-jsr310-2.17.2.jar;C:\Users\LyHn\.m2\repo
Launcher Type: SUN_STANDARD

[Global flags]
     intx CICompilerCount                          = 4                                         {product} {ergonomic}
     uint ConcGCThreads                            = 2                                         {product} {ergonomic}
     uint G1ConcRefinementThreads                  = 8                                         {product} {ergonomic}
   size_t G1HeapRegionSize                         = 1048576                                   {product} {ergonomic}
    uintx GCDrainStackTargetSize                   = 64                                        {product} {ergonomic}
   size_t InitialHeapSize                          = 132120576                                 {product} {ergonomic}
     bool ManagementServer                         = true                                      {product} {command line}
   size_t MarkStackSize                            = 4194304                                   {product} {ergonomic}
   size_t MaxHeapSize                              = 2086666240                                {product} {ergonomic}
   size_t MaxNewSize                               = 1251999744                                {product} {ergonomic}
   size_t MinHeapDeltaBytes                        = 1048576                                   {product} {ergonomic}
   size_t MinHeapSize                              = 8388608                                   {product} {ergonomic}
    uintx NonProfiledCodeHeapSize                  = 0                                      {pd product} {ergonomic}
     bool ProfileInterpreter                       = false                                  {pd product} {command line}
    uintx ProfiledCodeHeapSize                     = 0                                      {pd product} {ergonomic}
   size_t SoftMaxHeapSize                          = 2086666240                             {manageable} {ergonomic}
     intx TieredStopAtLevel                        = 1                                         {product} {command line}
     bool UseCompressedClassPointers               = true                           {product lp64_product} {ergonomic}
     bool UseCompressedOops                        = true                           {product lp64_product} {ergonomic}
     bool UseG1GC                                  = true                                      {product} {ergonomic}
     bool UseLargePagesIndividualAllocation        = false                                  {pd product} {ergonomic}

Logging:
Log output configuration:
 #0: stdout all=warning uptime,level,tags
 #1: stderr all=off uptime,level,tags

Environment Variables:
JAVA_TOOL_OPTIONS=-Dfile.encoding=UTF-8
PATH=C:\Program Files\Common Files\Oracle\Java\javapath;C:\Program Files\Python39\Scripts\;C:\Program Files\Python39\;C:\Windows\system32;C:\Windows;C:\Windows\System32\Wbem;C:\Windows\System32\WindowsPowerShell\v1.0\;C:\Windows\System32\OpenSSH\;C:\Program Files\NVIDIA Corporation\NVIDIA NvDLISR;C:\Program Files\dotnet\;D:\Maven\apache-maven-3.6.1\bin;D:\MinGW\mingw64\bin;D:\Web;MySQL\MySQL Server 8.0\bin;C:\Program Files\Graphviz\bin;E:\gradle-6.8.2\bin;E:\hexo-jason-blog\node_modules\.bin;E:\Go\bin;E:\qt\Tools\QtCreator\bin;E:\qt\Tools\mingw1120_64\bin;E:\qt\6.4.3\mingw_64\bin;D:\微信web开发者工具\dll;D:\Xss;\;C:\Program Files\wkhtmltopdf\bin;E:\php8\php-8.4.11-nts-Win32-vs17-x64;C:\ProgramData\ComposerSetup\bin;E:\Nodejs\;E:\Nodejs;E:\Nodejs\node_global;E:\Nodejs\node_cache;D:\Git\cmd;C:\Users\LyHn\AppData\Local\Programs\Python\Python38\Scripts\;C:\Users\LyHn\AppData\Local\Programs\Python\Python38\;C:\Users\LyHn\AppData\Local\Microsoft\WindowsApps;D:\C语言\Bandizip;D:\vsCode\Microsoft VS Code\bin;D:\IDEA2019\IntelliJ IDEA 2019.2.4\bin;C:\Users\LyHn\AppData\Local\Pandoc\;E:\WebStorm 2022.2.1\bin;C:\Users\LyHn\go\bin;E:\GoLand 2022.2.4\bin;%IntelliJ IDEA%;C:\Users\LyHn\AppData\Roaming\Composer\vendor\bin;E:\Nodejs\node_global;
USERNAME=LyHn
OS=Windows_NT
PROCESSOR_IDENTIFIER=Intel64 Family 6 Model 126 Stepping 5, GenuineIntel



---------------  S Y S T E M  ---------------

OS:
 Windows 10 , 64 bit Build 19041 (10.0.19041.5915)
OS uptime: 15 days 2:50 hours

CPU: total 8 (initial active 8) (4 cores per cpu, 2 threads per core) family 6 model 126 stepping 5 microcode 0xc2, cx8, cmov, fxsr, ht, mmx, 3dnowpref, sse, sse2, sse3, ssse3, sse4.1, sse4.2, popcnt, lzcnt, tsc, tscinvbit, avx, avx2, aes, erms, clmul, bmi1, bmi2, adx, avx512f, avx512dq, avx512cd, avx512bw, avx512vl, sha, fma, vzeroupper, avx512_vpopcntdq, avx512_vpclmulqdq, avx512_vaes, avx512_vnni, clflush, clflushopt, avx512_vbmi2, avx512_vbmi

Memory: 4k page, system-wide physical 7959M (395M free)
TotalPageFile size 20247M (AvailPageFile size 0M)
current process WorkingSet (physical memory assigned to process): 63M, peak: 63M
current process commit charge ("private bytes"): 219M, peak: 219M

vm_info: Java HotSpot(TM) 64-Bit Server VM (17.0.12+8-LTS-286) for windows-amd64 JRE (17.0.12+8-LTS-286), built on Jun  5 2024 06:46:59 by "mach5one" with MS VC++ 17.6 (VS2022)

END.
